# JRE version: Java(TM) SE Runtime Environment (8.0_321-b07) (build 1.8.0_321-b07)
# Java VM: Java HotSpot(TM) 64-Bit Server VM (25.321-b07 mixed mode windows-amd64 compressed oops)
Heap:
 PSYoungGen      total 141824K, used 48468K [0x00000000f5580000, 0x00000000fea80000, 0x0000000100000000)
  eden space 131072K, 29% used [0x00000000f5580000,0x00000000f7bae8e0,0x00000000fd580000)
  from space 10752K, 87% used [0x00000000fe000000,0x00000000fe926980,0x00000000fea80000)
  to   space 10752K, 0% used [0x00000000fd580000,0x00000000fd580000,0x00000000fe000000)
 ParOldGen       total 175104K, used 24K [0x00000000e0000000, 0x00000000eab00000, 0x00000000f5580000)
  object space 175104K, 0% used [0x00000000e0000000,0x00000000e0006000,0x00000000eab00000)
 Metaspace       used 16908K, capacity 17534K, committed 17792K, reserved 1064960K
  class space    used 2425K, capacity 2605K, committed 2688K, reserved 1048576K
GC Heap History (4 events):
Event: 6.191 GC heap before
{Heap before GC invocations=1 (full 0):
 PSYoungGen      total 76288K, used 65536K [0x00000000f5580000, 0x00000000faa80000, 0x0000000100000000)
  eden space 65536K, 100% used [0x00000000f5580000,0x00000000f9580000,0x00000000f9580000)
  from space 10752K, 0% used [0x00000000fa000000,0x00000000fa000000,0x00000000faa80000)
  to   space 10752K, 0% used [0x00000000f9580000,0x00000000f9580000,0x00000000fa000000)
 ParOldGen       total 175104K, used 0K [0x00000000e0000000, 0x00000000eab00000, 0x00000000f5580000)
  object space 175104K, 0% used [0x00000000e0000000,0x00000000e0000000,0x00000000eab00000)
 Metaspace       used 7781K, capacity 8028K, committed 8320K, reserved 1056768K
  class space    used 976K, capacity 1084K, committed 1152K, reserved 1048576K
Event: 6.295 GC heap after
Heap after GC invocations=1 (full 0):
 PSYoungGen      total 76288K, used 6559K [0x00000000f5580000, 0x00000000fea80000, 0x0000000100000000)
  eden space 65536K, 0% used [0x00000000f5580000,0x00000000f5580000,0x00000000f9580000)
  from space 10752K, 61% used [0x00000000f9580000,0x00000000f9be7e08,0x00000000fa000000)
  to   space 10752K, 0% used [0x00000000fe000000,0x00000000fe000000,0x00000000fea80000)
 ParOldGen       total 175104K, used 16K [0x00000000e0000000, 0x00000000eab00000, 0x00000000f5580000)
  object space 175104K, 0% used [0x00000000e0000000,0x00000000e0004000,0x00000000eab00000)
 Metaspace       used 7781K, capacity 8028K, committed 8320K, reserved 1056768K
  class space    used 976K, capacity 1084K, committed 1152K, reserved 1048576K
}
Event: 11.400 GC heap before
{Heap before GC invocations=2 (full 0):
 PSYoungGen      total 76288K, used 72095K [0x00000000f5580000, 0x00000000fea80000, 0x0000000100000000)
  eden space 65536K, 100% used [0x00000000f5580000,0x00000000f9580000,0x00000000f9580000)
  from space 10752K, 61% used [0x00000000f9580000,0x00000000f9be7e08,0x00000000fa000000)
  to   space 10752K, 0% used [0x00000000fe000000,0x00000000fe000000,0x00000000fea80000)
 ParOldGen       total 175104K, used 16K [0x00000000e0000000, 0x00000000eab00000, 0x00000000f5580000)
  object space 175104K, 0% used [0x00000000e0000000,0x00000000e0004000,0x00000000eab00000)
 Metaspace       used 13979K, capacity 14358K, committed 14720K, reserved 1062912K
  class space    used 1960K, capacity 2069K, committed 2176K, reserved 1048576K
Event: 11.425 GC heap after
Heap after GC invocations=2 (full 0):
 PSYoungGen      total 141824K, used 9370K [0x00000000f5580000, 0x00000000fea80000, 0x0000000100000000)
  eden space 131072K, 0% used [0x00000000f5580000,0x00000000f5580000,0x00000000fd580000)
  from space 10752K, 87% used [0x00000000fe000000,0x00000000fe926980,0x00000000fea80000)
  to   space 10752K, 0% used [0x00000000fd580000,0x00000000fd580000,0x00000000fe000000)
 ParOldGen       total 175104K, used 24K [0x00000000e0000000, 0x00000000eab00000, 0x00000000f5580000)
  object space 175104K, 0% used [0x00000000e0000000,0x00000000e0006000,0x00000000eab00000)
 Metaspace       used 13979K, capacity 14358K, committed 14720K, reserved 1062912K
  class space    used 1960K, capacity 2069K, committed 2176K, reserved 1048576K
}

